2023/05/05 19:57:27 INFO this is ./KinugasaGame.log
2023/05/05 19:57:27 INFO translate\ja.ini
2023/05/05 19:57:27 INFO NO_ITEM=アイテムを持っていない
2023/05/05 19:57:27 INFO CONFU_STOP=混乱して動けなかった！
2023/05/05 19:57:27 INFO TALK=話す
2023/05/05 19:57:27 INFO IS_CONFU=混乱している！
2023/05/05 19:57:27 INFO NO_TARGET=効果範囲内に対象がいない
2023/05/05 19:57:27 INFO NODAMAGE=ダメージを受けなかった！！
2023/05/05 19:57:27 INFO SPELL_END=の詠唱を終了した！！
2023/05/05 19:57:27 INFO AVOIDANCE=回避に専念した！
2023/05/05 19:57:27 INFO FIELD=フィールド
2023/05/05 19:57:27 INFO ATTR_DOWN=耐性が下がった！
2023/05/05 19:57:27 INFO IS=は
2023/05/05 19:57:27 INFO DAMAGE=のダメージ！！
2023/05/05 19:57:27 INFO REMOVE_CDNTION=から回復した
2023/05/05 19:57:27 INFO ITEM_DROP=がなくなった
2023/05/05 19:57:27 INFO HEALDAMAGE=回復した！！
2023/05/05 19:57:27 INFO SHORTAGE=足りない
2023/05/05 19:57:27 INFO ATTR_UP=耐性が上がった！
2023/05/05 19:57:27 INFO ISMOVE=は移動した！
2023/05/05 19:57:27 INFO ITEM_ADD=を入手した
2023/05/05 19:57:27 INFO WHATDO=どうする
2023/05/05 19:57:27 INFO WAS=が
2023/05/05 19:57:27 INFO SPECIAL_ATTACK=特技
2023/05/05 19:57:27 INFO OF_WHAT=により
2023/05/05 19:57:27 INFO NO_EFFECT=効果がなかった
2023/05/05 19:57:27 INFO RETURN=戻る
2023/05/05 19:57:27 INFO DEFENCE=防御に専念した！
2023/05/05 19:57:27 INFO ITEM_USE=道具
2023/05/05 19:57:27 INFO S=の
2023/05/05 19:57:27 INFO ARE_YOU_SURE_EXIT=本当に終了しますか？
2023/05/05 19:57:27 INFO MAGIC=魔術
2023/05/05 19:57:27 INFO OF=を
2023/05/05 19:57:27 INFO MISS=ミス！
2023/05/05 19:57:27 INFO SPELL_START=の詠唱を開始した！！
2023/05/05 19:57:27 INFO SKIP=スキップ
2023/05/05 19:57:27 INFO TURN=ターン
2023/05/05 19:57:27 INFO CONFIRM=確認
2023/05/05 19:57:27 INFO NO_NPC=その方向にはダレモイナイ
2023/05/05 19:57:27 INFO BUT=しかし
2023/05/05 19:57:27 INFO CANT_ESCAPE=戦闘エリアの中心にいては逃げられない！！
2023/05/05 19:57:27 INFO ISESCAPE=は逃げ出した！！
2023/05/05 19:57:27 INFO ISFAILED=は失敗した！！
2023/05/05 19:57:27 INFO APPEARANCE=体現れた！！
2023/05/05 19:57:27 INFO TARGET_SELECT=ターゲット選択
2023/05/05 19:57:27 INFO IS_EQIP=を装備した
2023/05/05 19:57:27 INFO OPEN=開く
2023/05/05 19:57:27 INFO USE_ITEM=を使ってみた
2023/05/05 19:57:27 INFO OTHER=行動
2023/05/05 19:57:27 INFO WAS_EQIP=をすでに装備している
2023/05/05 19:57:27 INFO ACTION=行動
2023/05/05 19:57:27 INFO MOVE=移動
2023/05/05 19:57:27 INFO SUBMIT=決定
2023/05/05 19:57:27 INFO SPELLTIME=詠唱時間
2023/05/05 19:57:27 INFO ATTACK=攻撃
2023/05/05 19:57:27 INFO TO=に
2023/05/05 19:57:27 INFO CANT_MOVE=動けなかった！！
2023/05/05 19:57:27 INFO lockFile:.\KLOCK_8476567168023321958.lck is created
2023/05/05 19:57:27 INFO STG TEST is start
2023/05/05 19:57:29 INFO lockFile:.\KLOCK_8476567168023321958.lck is deleted
2023/05/05 19:57:29 INFO TempFileStorage : all temp file is deleted
